{
  message: 'database connected succesfully',
  level: 'info',
  label: 'lol!',
  timestamp: '2023-06-10T13:19:17.070Z'
}
{
  message: 'Example app listening on port 5000',
  level: 'info',
  label: 'lol!',
  timestamp: '2023-06-10T13:19:17.104Z'
}
{
  message: 'database connected succesfully',
  level: 'info',
  label: 'lol!',
  timestamp: '2023-06-10T13:19:25.260Z'
}
{
  message: 'Example app listening on port 5000',
  level: 'info',
  label: 'lol!',
  timestamp: '2023-06-10T13:19:25.265Z'
}
{
  message: 'database connected succesfully',
  level: 'info',
  label: 'lol!',
  timestamp: '2023-06-10T13:20:31.593Z'
}
{
  message: 'Example app listening on port 5000',
  level: 'info',
  label: 'lol!',
  timestamp: '2023-06-10T13:20:31.598Z'
}
