{
  message: 'database connected succesfully',
  level: 'info',
  label: 'lol!',
  timestamp: '2023-06-11T06:08:09.018Z'
}
{
  message: 'Example app listening on port 5000',
  level: 'info',
  label: 'lol!',
  timestamp: '2023-06-11T06:08:09.051Z'
}
{
  message: 'database connected succesfully',
  level: 'info',
  label: 'lol!',
  timestamp: '2023-06-11T06:09:36.754Z'
}
{
  message: 'Example app listening on port 5000',
  level: 'info',
  label: 'lol!',
  timestamp: '2023-06-11T06:09:36.765Z'
}
{
  message: 'database connected succesfully',
  level: 'info',
  label: 'lol!',
  timestamp: '2023-06-11T06:11:50.815Z'
}
{
  message: 'Example app listening on port 5000',
  level: 'info',
  label: 'lol!',
  timestamp: '2023-06-11T06:11:50.820Z'
}
{
  message: 'database connected succesfully',
  level: 'info',
  label: 'lol!',
  timestamp: '2023-06-11T06:15:11.293Z'
}
{
  message: 'Example app listening on port 5000',
  level: 'info',
  label: 'lol!',
  timestamp: '2023-06-11T06:15:11.299Z'
}
{
  message: 'database connected succesfully',
  level: 'info',
  label: 'lol!',
  timestamp: '2023-06-11T06:16:42.965Z'
}
{
  message: 'Example app listening on port 5000',
  level: 'info',
  label: 'lol!',
  timestamp: '2023-06-11T06:16:42.970Z'
}
{
  message: 'database connected succesfully',
  level: 'info',
  label: 'lol!',
  timestamp: '2023-06-11T06:18:58.188Z'
}
{
  message: 'Example app listening on port 5000',
  level: 'info',
  label: 'lol!',
  timestamp: '2023-06-11T06:18:58.193Z'
}
{
  message: 'database connected succesfully',
  level: 'info',
  label: 'lol!',
  timestamp: '2023-06-11T06:20:57.534Z'
}
{
  message: 'Example app listening on port 5000',
  level: 'info',
  label: 'lol!',
  timestamp: '2023-06-11T06:20:57.539Z'
}
{
  message: 'database connected succesfully',
  level: 'info',
  label: 'lol!',
  timestamp: '2023-06-11T06:21:23.443Z'
}
{
  message: 'Example app listening on port 5000',
  level: 'info',
  label: 'lol!',
  timestamp: '2023-06-11T06:21:23.448Z'
}
{
  message: 'database connected succesfully',
  level: 'info',
  label: 'lol!',
  timestamp: '2023-06-11T06:22:52.880Z'
}
{
  message: 'Example app listening on port 5000',
  level: 'info',
  label: 'lol!',
  timestamp: '2023-06-11T06:22:52.890Z'
}
{
  message: 'database connected succesfully',
  level: 'info',
  label: 'lol!',
  timestamp: '2023-06-11T06:24:23.126Z'
}
{
  message: 'Example app listening on port 5000',
  level: 'info',
  label: 'lol!',
  timestamp: '2023-06-11T06:24:23.132Z'
}
{
  message: 'database connected succesfully',
  level: 'info',
  label: 'lol!',
  timestamp: '2023-06-11T06:25:36.880Z'
}
{
  message: 'Example app listening on port 5000',
  level: 'info',
  label: 'lol!',
  timestamp: '2023-06-11T06:25:36.886Z'
}
{
  message: 'database connected succesfully',
  level: 'info',
  label: 'lol!',
  timestamp: '2023-06-11T06:37:32.869Z'
}
{
  message: 'Example app listening on port 5000',
  level: 'info',
  label: 'lol!',
  timestamp: '2023-06-11T06:37:32.874Z'
}
{
  message: 'database connected succesfully',
  level: 'info',
  label: 'lol!',
  timestamp: '2023-06-11T06:43:25.399Z'
}
{
  message: 'Example app listening on port 5000',
  level: 'info',
  label: 'lol!',
  timestamp: '2023-06-11T06:43:25.429Z'
}
{
  message: 'database connected succesfully',
  level: 'info',
  label: 'lol!',
  timestamp: '2023-06-11T06:44:17.229Z'
}
{
  message: 'Example app listening on port 5000',
  level: 'info',
  label: 'lol!',
  timestamp: '2023-06-11T06:44:17.234Z'
}
{
  message: 'database connected succesfully',
  level: 'info',
  label: 'lol!',
  timestamp: '2023-06-11T06:47:19.631Z'
}
{
  message: 'Example app listening on port 5000',
  level: 'info',
  label: 'lol!',
  timestamp: '2023-06-11T06:47:19.636Z'
}
{
  message: 'database connected succesfully',
  level: 'info',
  label: 'lol!',
  timestamp: '2023-06-11T06:47:52.567Z'
}
{
  message: 'Example app listening on port 5000',
  level: 'info',
  label: 'lol!',
  timestamp: '2023-06-11T06:47:52.572Z'
}
{
  message: 'database connected succesfully',
  level: 'info',
  label: 'lol!',
  timestamp: '2023-06-11T06:50:12.691Z'
}
{
  message: 'Example app listening on port 5000',
  level: 'info',
  label: 'lol!',
  timestamp: '2023-06-11T06:50:12.698Z'
}
{
  message: 'database connected succesfully',
  level: 'info',
  label: 'lol!',
  timestamp: '2023-06-11T06:51:49.257Z'
}
{
  message: 'Example app listening on port 5000',
  level: 'info',
  label: 'lol!',
  timestamp: '2023-06-11T06:51:49.263Z'
}
{
  message: 'database connected succesfully',
  level: 'info',
  label: 'lol!',
  timestamp: '2023-06-11T06:55:33.005Z'
}
{
  message: 'Example app listening on port 5000',
  level: 'info',
  label: 'lol!',
  timestamp: '2023-06-11T06:55:33.010Z'
}
{
  message: 'database connected succesfully',
  level: 'info',
  label: 'lol!',
  timestamp: '2023-06-11T06:59:34.894Z'
}
{
  message: 'Example app listening on port 5000',
  level: 'info',
  label: 'lol!',
  timestamp: '2023-06-11T06:59:34.901Z'
}
